<?xml version="1.0" encoding="UTF-8"?>
<!-- Generated by org.testng.reporters.JUnitXMLReporter -->
<testsuite ignored="0" hostname="PUN-LAP-DANGAT" failures="0" tests="17" name="Default test" time="225.203" errors="0" timestamp="2025-03-17T09:40:39 IST">
  <testcase classname="TestPractice.PracticeAutomationTest" name="home_Page_with_three_Sliders_only" time="6.337"/>
  <testcase classname="TestPractice.PracticeAutomationTest" name="home_page_with_three_Arrivals_only" time="4.957"/>
  <testcase classname="TestPractice.PracticeAutomationTest" name="home_page_Images_in_Arrivals_should_navigate" time="7.367"/>
  <testcase classname="TestPractice.PracticeAutomationTest" name="home_page_Arrivals_Images_Description" time="6.62"/>
  <testcase classname="TestPractice.PracticeAutomationTest" name="home_page_Arrivals_Images_Reviews" time="7.727"/>
  <testcase classname="TestPractice.PracticeAutomationTest" name="homepage_Arrivals_Images_Add_to_Basket" time="11.474"/>
  <testcase classname="TestPractice.PracticeAutomationTest" name="home_Arrivals_Add_to_Basket_Items" time="13.797"/>
  <testcase classname="TestPractice.PracticeAutomationTest" name="home_Arrivals_Add_to_Basket_Items_Coupon" time="13.061"/>
  <testcase classname="TestPractice.PracticeAutomationTest" name="home_Arrivals_Add_to_Basket_Items_Coupon_value_less_than_450" time="13.006"/>
  <testcase classname="TestPractice.PracticeAutomationTest" name="home_Arrivals_Add_to_Basket_Items_Remove_book" time="10.91"/>
  <testcase classname="TestPractice.PracticeAutomationTest" name="home_Arrivals_Add_to_Basket_Items_Add_book" time="10.431"/>
  <testcase classname="TestPractice.PracticeAutomationTest" name="home_Arrivals_Add_to_Basket_Items_Check_out_Book_Final_price" time="8.798"/>
  <testcase classname="TestPractice.PracticeAutomationTest" name="home_Arrivals_Add_to_Basket_Items_Check_out_Update_Basket" time="10.375"/>
  <testcase classname="TestPractice.PracticeAutomationTest" name="home_Arrivals_Add_to_Basket_Items_Check_out_Total_and_Sub_total_condition" time="10.4"/>
  <testcase classname="TestPractice.PracticeAutomationTest" name="home_Arrivals_Add_to_Basket_Items_Check_out_functionality" time="12.289"/>
  <testcase classname="TestPractice.PracticeAutomationTest" name="home_Arrivals_Add_to_Basket_Items_Check_out_Payment_Gateway" time="14.05"/>
  <testcase classname="TestPractice.PracticeAutomationTest" name="home_Arrivals_Add_to_Basket_Items_Check_out_Payment_Gateway_Place_order" time="31.354"/>
</testsuite> <!-- Default test -->
